<?xml version="1.0" encoding="UTF-8" ?>
<testsuite failures="0" time="0.823" errors="0" skipped="1" tests="13" name="com.o19s.solr.TestRegexpQuery">
  <properties>
[...]
</properties>
  <testcase time="0.401" classname="com.o19s.solr.TestRegexpQuery" name="testRegex6"/>
  <testcase time="0.072" classname="com.o19s.solr.TestRegexpQuery" name="testMakePowerSet"/>
  <testcase time="0.007" classname="com.o19s.solr.TestRegexpQuery" name="testMatchSingleTerm"/>
  <testcase time="0.168" classname="com.o19s.solr.TestRegexpQuery" name="testCaveat"/>
  <testcase time="0.168" classname="com.o19s.solr.TestRegexpQuery" name="testCaveats">
    <skipped/>
  </testcase>
  <testcase time="0.008" classname="com.o19s.solr.TestRegexpQuery" name="testComplexMultiple"/>
  <testcase time="0.005" classname="com.o19s.solr.TestRegexpQuery" name="testRegex2"/>
  <testcase time="0.013" classname="com.o19s.solr.TestRegexpQuery" name="testRegex5"/>
  <testcase time="0.006" classname="com.o19s.solr.TestRegexpQuery" name="testRegex7"/>
  <testcase time="0.009" classname="com.o19s.solr.TestRegexpQuery" name="testRegex9"/>
  <testcase time="0.006" classname="com.o19s.solr.TestRegexpQuery" name="testRegex3"/>
  <testcase time="0.005" classname="com.o19s.solr.TestRegexpQuery" name="testRegexStar"/>
  <testcase time="0.006" classname="com.o19s.solr.TestRegexpQuery" name="testRegex8"/>
</testsuite>